<?xml version="1.0" encoding="UTF-8"?>
<!-- Generated by org.testng.reporters.JUnitReportReporter -->
<testsuite hostname="DESKTOP-175D9K0" failures="0" tests="1" name="testCases.TC_002_Login" time="33.177" errors="0" timestamp="2024-06-06T15:15:10 IST" skipped="0">
  <testcase classname="testCases.TC_002_Login" name="account_Login" time="33.177"/>
</testsuite> <!-- testCases.TC_002_Login -->
